[2.850s] [34mcolcon[0m [1;30mDEBUG[0m [32mCommand line arguments: ['C:\\Python38\\Scripts\\colcon', 'build', '--merge-install'][0m
[2.850s] [34mcolcon[0m [1;30mDEBUG[0m [32mParsed command line arguments: Namespace(ament_cmake_args=None, base_paths=['.'], build_base='build', catkin_cmake_args=None, catkin_skip_building_tests=False, cmake_args=None, cmake_clean_cache=False, cmake_clean_first=False, cmake_force_configure=False, cmake_target=None, cmake_target_skip_unavailable=False, continue_on_error=False, event_handlers=None, executor='parallel', ignore_user_meta=False, install_base='install', log_base=None, log_level=None, main=<bound method BuildVerb.main of <colcon_core.verb.build.BuildVerb object at 0x00000202DBAC9310>>, merge_install=True, metas=['./colcon.meta'], packages_above=None, packages_above_and_dependencies=None, packages_above_depth=None, packages_end=None, packages_ignore=None, packages_ignore_regex=None, packages_select=None, packages_select_build_failed=False, packages_select_by_dep=None, packages_select_regex=None, packages_select_test_failures=False, packages_skip=None, packages_skip_build_finished=False, packages_skip_by_dep=None, packages_skip_regex=None, packages_skip_test_passed=False, packages_skip_up_to=None, packages_start=None, packages_up_to=None, packages_up_to_regex=None, parallel_workers=8, paths=None, symlink_install=False, test_result_base=None, verb_extension=<colcon_core.verb.build.BuildVerb object at 0x00000202DBAC9310>, verb_name='build', verb_parser=<colcon_defaults.argument_parser.defaults.DefaultArgumentsDecorator object at 0x00000202DBB704F0>)[0m
[2.990s] [34mcolcon.colcon_core.package_discovery[0m [1;30mLevel 1[0m discover_packages(colcon_meta) check parameters
[2.990s] [34mcolcon.colcon_core.package_discovery[0m [1;30mLevel 1[0m discover_packages(recursive) check parameters
[2.990s] [34mcolcon.colcon_core.package_discovery[0m [1;30mLevel 1[0m discover_packages(ignore) check parameters
[2.990s] [34mcolcon.colcon_core.package_discovery[0m [1;30mLevel 1[0m discover_packages(path) check parameters
[2.990s] [34mcolcon.colcon_core.package_discovery[0m [1;30mLevel 1[0m discover_packages(colcon_meta) discover
[2.990s] [34mcolcon.colcon_core.package_discovery[0m [1;30mLevel 1[0m discover_packages(recursive) discover
[2.990s] [34mcolcon.colcon_core.package_discovery[0m [1;30mINFO[0m Crawling recursively for packages in 'c:\vvk\projects\ros2\ros2_ws\marvelmind_ros2'
[2.990s] [34mcolcon.colcon_core.package_identification[0m [1;30mLevel 1[0m _identify(.) by extensions ['ignore', 'ignore_ament_install']
[2.990s] [34mcolcon.colcon_core.package_identification[0m [1;30mLevel 1[0m _identify(.) by extension 'ignore'
[2.990s] [34mcolcon.colcon_core.package_identification[0m [1;30mLevel 1[0m _identify(.) by extension 'ignore_ament_install'
[2.990s] [34mcolcon.colcon_core.package_identification[0m [1;30mLevel 1[0m _identify(.) by extensions ['colcon_pkg']
[2.990s] [34mcolcon.colcon_core.package_identification[0m [1;30mLevel 1[0m _identify(.) by extension 'colcon_pkg'
[2.990s] [34mcolcon.colcon_core.package_identification[0m [1;30mLevel 1[0m _identify(.) by extensions ['colcon_meta']
[2.990s] [34mcolcon.colcon_core.package_identification[0m [1;30mLevel 1[0m _identify(.) by extension 'colcon_meta'
[2.990s] [34mcolcon.colcon_core.package_identification[0m [1;30mLevel 1[0m _identify(.) by extensions ['ros']
[2.990s] [34mcolcon.colcon_core.package_identification[0m [1;30mLevel 1[0m _identify(.) by extension 'ros'
[3.043s] [34mcolcon.colcon_core.package_identification[0m [1;30mDEBUG[0m [32mPackage '.' with type 'ros.ament_cmake' and name 'marvelmind_ros2'[0m
[3.044s] [34mcolcon.colcon_core.package_discovery[0m [1;30mLevel 1[0m discover_packages(recursive) using defaults
[3.044s] [34mcolcon.colcon_core.package_discovery[0m [1;30mLevel 1[0m discover_packages(ignore) discover
[3.044s] [34mcolcon.colcon_core.package_discovery[0m [1;30mLevel 1[0m discover_packages(ignore) using defaults
[3.044s] [34mcolcon.colcon_core.package_discovery[0m [1;30mLevel 1[0m discover_packages(path) discover
[3.044s] [34mcolcon.colcon_core.package_discovery[0m [1;30mLevel 1[0m discover_packages(path) using defaults
[3.126s] [34mcolcon.colcon_core.verb[0m [1;30mLevel 5[0m set package 'marvelmind_ros2' build argument 'cmake_args' from command line to 'None'
[3.126s] [34mcolcon.colcon_core.verb[0m [1;30mLevel 5[0m set package 'marvelmind_ros2' build argument 'cmake_target' from command line to 'None'
[3.126s] [34mcolcon.colcon_core.verb[0m [1;30mLevel 5[0m set package 'marvelmind_ros2' build argument 'cmake_target_skip_unavailable' from command line to 'False'
[3.126s] [34mcolcon.colcon_core.verb[0m [1;30mLevel 5[0m set package 'marvelmind_ros2' build argument 'cmake_clean_cache' from command line to 'False'
[3.126s] [34mcolcon.colcon_core.verb[0m [1;30mLevel 5[0m set package 'marvelmind_ros2' build argument 'cmake_clean_first' from command line to 'False'
[3.126s] [34mcolcon.colcon_core.verb[0m [1;30mLevel 5[0m set package 'marvelmind_ros2' build argument 'cmake_force_configure' from command line to 'False'
[3.126s] [34mcolcon.colcon_core.verb[0m [1;30mLevel 5[0m set package 'marvelmind_ros2' build argument 'ament_cmake_args' from command line to 'None'
[3.126s] [34mcolcon.colcon_core.verb[0m [1;30mLevel 5[0m set package 'marvelmind_ros2' build argument 'catkin_cmake_args' from command line to 'None'
[3.126s] [34mcolcon.colcon_core.verb[0m [1;30mLevel 5[0m set package 'marvelmind_ros2' build argument 'catkin_skip_building_tests' from command line to 'False'
[3.126s] [34mcolcon.colcon_core.verb[0m [1;30mDEBUG[0m [32mBuilding package 'marvelmind_ros2' with the following arguments: {'ament_cmake_args': None, 'build_base': 'c:\\vvk\\projects\\ros2\\ros2_ws\\marvelmind_ros2\\build\\marvelmind_ros2', 'catkin_cmake_args': None, 'catkin_skip_building_tests': False, 'cmake_args': None, 'cmake_clean_cache': False, 'cmake_clean_first': False, 'cmake_force_configure': False, 'cmake_target': None, 'cmake_target_skip_unavailable': False, 'install_base': 'c:\\vvk\\projects\\ros2\\ros2_ws\\marvelmind_ros2\\install', 'merge_install': True, 'path': 'c:\\vvk\\projects\\ros2\\ros2_ws\\marvelmind_ros2', 'symlink_install': False, 'test_result_base': None}[0m
[3.133s] [34mcolcon.colcon_core.executor[0m [1;30mINFO[0m Executing jobs using 'parallel' executor
[3.157s] [34mcolcon.colcon_parallel_executor.executor.parallel[0m [1;30mDEBUG[0m [32mrun_until_complete[0m
[3.158s] [34mcolcon.colcon_ros.task.ament_cmake.build[0m [1;30mINFO[0m Building ROS package in 'c:\vvk\projects\ros2\ros2_ws\marvelmind_ros2' with build type 'ament_cmake'
[3.158s] [34mcolcon.colcon_cmake.task.cmake.build[0m [1;30mINFO[0m Building CMake package in 'c:\vvk\projects\ros2\ros2_ws\marvelmind_ros2'
[3.169s] [34mcolcon.colcon_core.plugin_system[0m [1;30mINFO[0m Skipping extension 'colcon_core.shell.sh': Not used on Windows systems
[3.169s] [34mcolcon.colcon_core.shell[0m [1;30mINFO[0m Skip shell extension 'powershell' for command environment: Not usable outside of PowerShell
[3.365s] [34mcolcon.colcon_parallel_executor.executor.parallel[0m [1;30mDEBUG[0m [32mrun_until_complete finished with 'VisualStudioVersion is not set, please run within a Visual Studio Command Prompt.'[0m
[3.365s] [34mcolcon.colcon_core.event_reactor[0m [1;30mDEBUG[0m [32mjoining thread[0m
[3.380s] [34mcolcon.colcon_core.plugin_system[0m [1;30mINFO[0m Skipping extension 'colcon_notification.desktop_notification.notify2': 'notify2' not found
[3.380s] [34mcolcon.colcon_core.plugin_system[0m [1;30mINFO[0m Skipping extension 'colcon_notification.desktop_notification.notify_send': Not used on non-Linux systems
[3.380s] [34mcolcon.colcon_core.plugin_system[0m [1;30mINFO[0m Skipping extension 'colcon_notification.desktop_notification.terminal_notifier': Not used on non-Darwin systems
[3.380s] [34mcolcon.colcon_notification.desktop_notification[0m [1;30mINFO[0m Sending desktop notification using 'win32'
[8.481s] [34mcolcon.colcon_core.event_reactor[0m [1;30mDEBUG[0m [32mjoined thread[0m
[8.489s] [34mcolcon.colcon_core.shell[0m [1;30mINFO[0m Creating prefix script 'c:\vvk\projects\ros2\ros2_ws\marvelmind_ros2\install\local_setup.ps1'
[8.500s] [34mcolcon.colcon_core.shell[0m [1;30mINFO[0m Creating prefix util module 'c:\vvk\projects\ros2\ros2_ws\marvelmind_ros2\install\_local_setup_util_ps1.py'
[8.508s] [34mcolcon.colcon_core.shell[0m [1;30mINFO[0m Creating prefix chain script 'c:\vvk\projects\ros2\ros2_ws\marvelmind_ros2\install\setup.ps1'
[8.522s] [34mcolcon.colcon_core.shell[0m [1;30mINFO[0m Creating prefix script 'c:\vvk\projects\ros2\ros2_ws\marvelmind_ros2\install\local_setup.bat'
[8.536s] [34mcolcon.colcon_core.shell[0m [1;30mINFO[0m Creating prefix util module 'c:\vvk\projects\ros2\ros2_ws\marvelmind_ros2\install\_local_setup_util_bat.py'
[8.537s] [34mcolcon.colcon_core.shell[0m [1;30mINFO[0m Creating prefix chain script 'c:\vvk\projects\ros2\ros2_ws\marvelmind_ros2\install\setup.bat'
